2025-03-13T23:03:35.080-03:00  INFO 10280 --- [adoptameNa] [main] c.f.adoptamena.AdoptameNaApplication     : Starting AdoptameNaApplication using Java 21.0.1 with PID 10280 (D:\Proyectos\Facu\8vo Semestre\AdoptameNa\target\classes started by ro-ma in D:\Proyectos\Facu\8vo Semestre\AdoptameNa)
2025-03-13T23:03:35.082-03:00  INFO 10280 --- [adoptameNa] [main] c.f.adoptamena.AdoptameNaApplication     : No active profile set, falling back to 1 default profile: "default"
2025-03-13T23:03:35.686-03:00  INFO 10280 --- [adoptameNa] [main] .s.d.r.c.RepositoryConfigurationDelegate : Bootstrapping Spring Data JPA repositories in DEFAULT mode.
2025-03-13T23:03:35.761-03:00  INFO 10280 --- [adoptameNa] [main] .s.d.r.c.RepositoryConfigurationDelegate : Finished Spring Data repository scanning in 70 ms. Found 14 JPA repository interfaces.
2025-03-13T23:03:36.306-03:00  INFO 10280 --- [adoptameNa] [main] o.s.b.w.embedded.tomcat.TomcatWebServer  : Tomcat initialized with port 8080 (http)
2025-03-13T23:03:36.317-03:00  INFO 10280 --- [adoptameNa] [main] o.apache.catalina.core.StandardService   : Starting service [Tomcat]
2025-03-13T23:03:36.317-03:00  INFO 10280 --- [adoptameNa] [main] o.apache.catalina.core.StandardEngine    : Starting Servlet engine: [Apache Tomcat/10.1.34]
2025-03-13T23:03:36.377-03:00  INFO 10280 --- [adoptameNa] [main] o.a.c.c.C.[Tomcat].[localhost].[/api]    : Initializing Spring embedded WebApplicationContext
2025-03-13T23:03:36.378-03:00  INFO 10280 --- [adoptameNa] [main] w.s.c.ServletWebServerApplicationContext : Root WebApplicationContext: initialization completed in 1273 ms
2025-03-13T23:03:36.583-03:00  INFO 10280 --- [adoptameNa] [main] o.hibernate.jpa.internal.util.LogHelper  : HHH000204: Processing PersistenceUnitInfo [name: default]
2025-03-13T23:03:36.627-03:00  INFO 10280 --- [adoptameNa] [main] org.hibernate.Version                    : HHH000412: Hibernate ORM core version 6.5.3.Final
2025-03-13T23:03:36.651-03:00  INFO 10280 --- [adoptameNa] [main] o.h.c.internal.RegionFactoryInitiator    : HHH000026: Second-level cache disabled
2025-03-13T23:03:36.837-03:00  INFO 10280 --- [adoptameNa] [main] o.s.o.j.p.SpringPersistenceUnitInfo      : No LoadTimeWeaver setup: ignoring JPA class transformer
2025-03-13T23:03:36.858-03:00  INFO 10280 --- [adoptameNa] [main] com.zaxxer.hikari.HikariDataSource       : HikariPool-1 - Starting...
2025-03-13T23:03:37.417-03:00  INFO 10280 --- [adoptameNa] [main] com.zaxxer.hikari.pool.HikariPool        : HikariPool-1 - Added connection com.mysql.cj.jdbc.ConnectionImpl@998fbd4
2025-03-13T23:03:37.419-03:00  INFO 10280 --- [adoptameNa] [main] com.zaxxer.hikari.HikariDataSource       : HikariPool-1 - Start completed.
2025-03-13T23:03:37.521-03:00  WARN 10280 --- [adoptameNa] [main] org.hibernate.orm.deprecation            : HHH90000025: MySQLDialect does not need to be specified explicitly using 'hibernate.dialect' (remove the property setting and it will be selected by default)
2025-03-13T23:03:38.225-03:00  INFO 10280 --- [adoptameNa] [main] o.h.e.t.j.p.i.JtaPlatformInitiator       : HHH000489: No JTA platform available (set 'hibernate.transaction.jta.platform' to enable JTA platform integration)
2025-03-13T23:03:39.726-03:00  INFO 10280 --- [adoptameNa] [main] j.LocalContainerEntityManagerFactoryBean : Initialized JPA EntityManagerFactory for persistence unit 'default'
2025-03-13T23:03:40.040-03:00  INFO 10280 --- [adoptameNa] [main] o.s.d.j.r.query.QueryEnhancerFactory     : Hibernate is in classpath; If applicable, HQL parser will be used.
2025-03-13T23:03:40.516-03:00  INFO 10280 --- [adoptameNa] [main] eAuthenticationProviderManagerConfigurer : Global AuthenticationManager configured with AuthenticationProvider bean with name authenticationProvider
2025-03-13T23:03:40.517-03:00  WARN 10280 --- [adoptameNa] [main] r$InitializeUserDetailsManagerConfigurer : Global AuthenticationManager configured with an AuthenticationProvider bean. UserDetailsService beans will not be used for username/password login. Consider removing the AuthenticationProvider bean. Alternatively, consider using the UserDetailsService in a manually instantiated DaoAuthenticationProvider.
2025-03-13T23:03:40.661-03:00  WARN 10280 --- [adoptameNa] [main] JpaBaseConfiguration$JpaWebConfiguration : spring.jpa.open-in-view is enabled by default. Therefore, database queries may be performed during view rendering. Explicitly configure spring.jpa.open-in-view to disable this warning
2025-03-13T23:03:41.113-03:00  INFO 10280 --- [adoptameNa] [main] o.s.b.a.e.web.EndpointLinksResolver      : Exposing 1 endpoint beneath base path '/actuator'
2025-03-13T23:03:41.580-03:00  INFO 10280 --- [adoptameNa] [main] o.s.b.w.embedded.tomcat.TomcatWebServer  : Tomcat started on port 8080 (http) with context path '/api'
2025-03-13T23:03:41.587-03:00  INFO 10280 --- [adoptameNa] [main] c.f.adoptamena.AdoptameNaApplication     : Started AdoptameNaApplication in 6.715 seconds (process running for 6.926)
2025-03-13T23:03:54.082-03:00  INFO 10280 --- [adoptameNa] [http-nio-8080-exec-3] o.a.c.c.C.[Tomcat].[localhost].[/api]    : Initializing Spring DispatcherServlet 'dispatcherServlet'
2025-03-13T23:03:54.082-03:00  INFO 10280 --- [adoptameNa] [http-nio-8080-exec-3] o.s.web.servlet.DispatcherServlet        : Initializing Servlet 'dispatcherServlet'
2025-03-13T23:03:54.084-03:00  INFO 10280 --- [adoptameNa] [http-nio-8080-exec-3] o.s.web.servlet.DispatcherServlet        : Completed initialization in 2 ms
2025-03-13T23:03:54.821-03:00  INFO 10280 --- [adoptameNa] [http-nio-8080-exec-1] o.springdoc.api.AbstractOpenApiResource  : Init duration for springdoc-openapi is: 466 ms
2025-03-13T23:04:03.316-03:00  INFO 10280 --- [adoptameNa] [SpringApplicationShutdownHook] j.LocalContainerEntityManagerFactoryBean : Closing JPA EntityManagerFactory for persistence unit 'default'
2025-03-13T23:04:03.317-03:00  INFO 10280 --- [adoptameNa] [SpringApplicationShutdownHook] com.zaxxer.hikari.HikariDataSource       : HikariPool-1 - Shutdown initiated...
2025-03-13T23:04:03.321-03:00  INFO 10280 --- [adoptameNa] [SpringApplicationShutdownHook] com.zaxxer.hikari.HikariDataSource       : HikariPool-1 - Shutdown completed.
